<?xml version="1.0" encoding="UTF-8"?>
<testng-results skipped="0" failed="0" ignored="0" total="1" passed="1">
  <reporter-output>
  </reporter-output>
  <suite name="Default suite" duration-ms="23035" started-at="2022-03-18T15:47:48 IST" finished-at="2022-03-18T15:48:11 IST">
    <groups>
    </groups>
    <test name="Default test" duration-ms="23035" started-at="2022-03-18T15:47:48 IST" finished-at="2022-03-18T15:48:11 IST">
      <class name="testruns.WebpageLoadTimeTest">
        <test-method status="PASS" signature="init()[pri:0, instance:testruns.WebpageLoadTimeTest@31f924f5]" name="init" is-config="true" duration-ms="4654" started-at="2022-03-18T15:47:48 IST" finished-at="2022-03-18T15:47:52 IST">
          <reporter-output>
          </reporter-output>
        </test-method> <!-- init -->
        <test-method status="PASS" signature="runPages()[pri:0, instance:testruns.WebpageLoadTimeTest@31f924f5]" name="runPages" duration-ms="17124" started-at="2022-03-18T15:47:52 IST" finished-at="2022-03-18T15:48:10 IST">
          <reporter-output>
          </reporter-output>
        </test-method> <!-- runPages -->
        <test-method status="PASS" signature="tearDown()[pri:0, instance:testruns.WebpageLoadTimeTest@31f924f5]" name="tearDown" is-config="true" duration-ms="1213" started-at="2022-03-18T15:48:10 IST" finished-at="2022-03-18T15:48:11 IST">
          <reporter-output>
          </reporter-output>
        </test-method> <!-- tearDown -->
      </class> <!-- testruns.WebpageLoadTimeTest -->
    </test> <!-- Default test -->
  </suite> <!-- Default suite -->
</testng-results>
